	.syntax unified
	.cpu cortex-m3
	.fpu softvfp
	.eabi_attribute 20, 1
	.eabi_attribute 21, 1
	.eabi_attribute 23, 3
	.eabi_attribute 24, 1
	.eabi_attribute 25, 1
	.eabi_attribute 26, 1
	.eabi_attribute 30, 4
	.eabi_attribute 34, 1
	.eabi_attribute 18, 4
	.thumb
	.file	"main.cpp"
	.section	.text._ZN5hwlib19_pin_in_dummy_class3getEv,"axG",%progbits,_ZN5hwlib19_pin_in_dummy_class3getEv,comdat
	.align	1
	.weak	_ZN5hwlib19_pin_in_dummy_class3getEv
	.thumb
	.thumb_func
	.type	_ZN5hwlib19_pin_in_dummy_class3getEv, %function
_ZN5hwlib19_pin_in_dummy_class3getEv:
	@ args = 0, pretend = 0, frame = 0
	@ frame_needed = 0, uses_anonymous_args = 0
	@ link register save eliminated.
	movs	r0, #0
	bx	lr
	.size	_ZN5hwlib19_pin_in_dummy_class3getEv, .-_ZN5hwlib19_pin_in_dummy_class3getEv
	.section	.text._ZN5hwlib20_pin_out_dummy_class3setEb,"axG",%progbits,_ZN5hwlib20_pin_out_dummy_class3setEb,comdat
	.align	1
	.weak	_ZN5hwlib20_pin_out_dummy_class3setEb
	.thumb
	.thumb_func
	.type	_ZN5hwlib20_pin_out_dummy_class3setEb, %function
_ZN5hwlib20_pin_out_dummy_class3setEb:
	@ args = 0, pretend = 0, frame = 0
	@ frame_needed = 0, uses_anonymous_args = 0
	@ link register save eliminated.
	bx	lr
	.size	_ZN5hwlib20_pin_out_dummy_class3setEb, .-_ZN5hwlib20_pin_out_dummy_class3setEb
	.section	.text._ZN5hwlib23_pin_in_out_dummy_class3setEb,"axG",%progbits,_ZN5hwlib23_pin_in_out_dummy_class3setEb,comdat
	.align	1
	.weak	_ZN5hwlib23_pin_in_out_dummy_class3setEb
	.thumb
	.thumb_func
	.type	_ZN5hwlib23_pin_in_out_dummy_class3setEb, %function
_ZN5hwlib23_pin_in_out_dummy_class3setEb:
	@ args = 0, pretend = 0, frame = 0
	@ frame_needed = 0, uses_anonymous_args = 0
	@ link register save eliminated.
	bx	lr
	.size	_ZN5hwlib23_pin_in_out_dummy_class3setEb, .-_ZN5hwlib23_pin_in_out_dummy_class3setEb
	.section	.text._ZN5hwlib23_pin_in_out_dummy_class3getEv,"axG",%progbits,_ZN5hwlib23_pin_in_out_dummy_class3getEv,comdat
	.align	1
	.weak	_ZN5hwlib23_pin_in_out_dummy_class3getEv
	.thumb
	.thumb_func
	.type	_ZN5hwlib23_pin_in_out_dummy_class3getEv, %function
_ZN5hwlib23_pin_in_out_dummy_class3getEv:
	@ args = 0, pretend = 0, frame = 0
	@ frame_needed = 0, uses_anonymous_args = 0
	@ link register save eliminated.
	movs	r0, #0
	bx	lr
	.size	_ZN5hwlib23_pin_in_out_dummy_class3getEv, .-_ZN5hwlib23_pin_in_out_dummy_class3getEv
	.section	.text._ZN5hwlib23_pin_in_out_dummy_class19direction_set_inputEv,"axG",%progbits,_ZN5hwlib23_pin_in_out_dummy_class19direction_set_inputEv,comdat
	.align	1
	.weak	_ZN5hwlib23_pin_in_out_dummy_class19direction_set_inputEv
	.thumb
	.thumb_func
	.type	_ZN5hwlib23_pin_in_out_dummy_class19direction_set_inputEv, %function
_ZN5hwlib23_pin_in_out_dummy_class19direction_set_inputEv:
	@ args = 0, pretend = 0, frame = 0
	@ frame_needed = 0, uses_anonymous_args = 0
	@ link register save eliminated.
	bx	lr
	.size	_ZN5hwlib23_pin_in_out_dummy_class19direction_set_inputEv, .-_ZN5hwlib23_pin_in_out_dummy_class19direction_set_inputEv
	.section	.text._ZN5hwlib23_pin_in_out_dummy_class20direction_set_outputEv,"axG",%progbits,_ZN5hwlib23_pin_in_out_dummy_class20direction_set_outputEv,comdat
	.align	1
	.weak	_ZN5hwlib23_pin_in_out_dummy_class20direction_set_outputEv
	.thumb
	.thumb_func
	.type	_ZN5hwlib23_pin_in_out_dummy_class20direction_set_outputEv, %function
_ZN5hwlib23_pin_in_out_dummy_class20direction_set_outputEv:
	@ args = 0, pretend = 0, frame = 0
	@ frame_needed = 0, uses_anonymous_args = 0
	@ link register save eliminated.
	bx	lr
	.size	_ZN5hwlib23_pin_in_out_dummy_class20direction_set_outputEv, .-_ZN5hwlib23_pin_in_out_dummy_class20direction_set_outputEv
	.section	.text._ZN5hwlib19_pin_oc_dummy_class3setEb,"axG",%progbits,_ZN5hwlib19_pin_oc_dummy_class3setEb,comdat
	.align	1
	.weak	_ZN5hwlib19_pin_oc_dummy_class3setEb
	.thumb
	.thumb_func
	.type	_ZN5hwlib19_pin_oc_dummy_class3setEb, %function
_ZN5hwlib19_pin_oc_dummy_class3setEb:
	@ args = 0, pretend = 0, frame = 0
	@ frame_needed = 0, uses_anonymous_args = 0
	@ link register save eliminated.
	bx	lr
	.size	_ZN5hwlib19_pin_oc_dummy_class3setEb, .-_ZN5hwlib19_pin_oc_dummy_class3setEb
	.section	.text._ZN5hwlib19_pin_oc_dummy_class3getEv,"axG",%progbits,_ZN5hwlib19_pin_oc_dummy_class3getEv,comdat
	.align	1
	.weak	_ZN5hwlib19_pin_oc_dummy_class3getEv
	.thumb
	.thumb_func
	.type	_ZN5hwlib19_pin_oc_dummy_class3getEv, %function
_ZN5hwlib19_pin_oc_dummy_class3getEv:
	@ args = 0, pretend = 0, frame = 0
	@ frame_needed = 0, uses_anonymous_args = 0
	@ link register save eliminated.
	movs	r0, #0
	bx	lr
	.size	_ZN5hwlib19_pin_oc_dummy_class3getEv, .-_ZN5hwlib19_pin_oc_dummy_class3getEv
	.section	.text._ZN5hwlib7ostream5flushEv,"axG",%progbits,_ZN5hwlib7ostream5flushEv,comdat
	.align	1
	.weak	_ZN5hwlib7ostream5flushEv
	.thumb
	.thumb_func
	.type	_ZN5hwlib7ostream5flushEv, %function
_ZN5hwlib7ostream5flushEv:
	@ args = 0, pretend = 0, frame = 0
	@ frame_needed = 0, uses_anonymous_args = 0
	@ link register save eliminated.
	bx	lr
	.size	_ZN5hwlib7ostream5flushEv, .-_ZN5hwlib7ostream5flushEv
	.section	.text._ZN5hwlib20cout_using_uart_putc4putcEc,"axG",%progbits,_ZN5hwlib20cout_using_uart_putc4putcEc,comdat
	.align	1
	.weak	_ZN5hwlib20cout_using_uart_putc4putcEc
	.thumb
	.thumb_func
	.type	_ZN5hwlib20cout_using_uart_putc4putcEc, %function
_ZN5hwlib20cout_using_uart_putc4putcEc:
	@ args = 0, pretend = 0, frame = 0
	@ frame_needed = 0, uses_anonymous_args = 0
	@ link register save eliminated.
	mov	r0, r1
	b	_ZN5hwlib9uart_putcEc
	.size	_ZN5hwlib20cout_using_uart_putc4putcEc, .-_ZN5hwlib20cout_using_uart_putc4putcEc
	.section	.text._ZN5hwlib19cin_using_uart_getc4getcEv,"axG",%progbits,_ZN5hwlib19cin_using_uart_getc4getcEv,comdat
	.align	1
	.weak	_ZN5hwlib19cin_using_uart_getc4getcEv
	.thumb
	.thumb_func
	.type	_ZN5hwlib19cin_using_uart_getc4getcEv, %function
_ZN5hwlib19cin_using_uart_getc4getcEv:
	@ args = 0, pretend = 0, frame = 0
	@ frame_needed = 0, uses_anonymous_args = 0
	@ link register save eliminated.
	b	_ZN5hwlib9uart_getcEv
	.size	_ZN5hwlib19cin_using_uart_getc4getcEv, .-_ZN5hwlib19cin_using_uart_getc4getcEv
	.section	.text._ZN5hwlib19cin_using_uart_getc14char_availableEv,"axG",%progbits,_ZN5hwlib19cin_using_uart_getc14char_availableEv,comdat
	.align	1
	.weak	_ZN5hwlib19cin_using_uart_getc14char_availableEv
	.thumb
	.thumb_func
	.type	_ZN5hwlib19cin_using_uart_getc14char_availableEv, %function
_ZN5hwlib19cin_using_uart_getc14char_availableEv:
	@ args = 0, pretend = 0, frame = 0
	@ frame_needed = 0, uses_anonymous_args = 0
	@ link register save eliminated.
	b	_ZN5hwlib19uart_char_availableEv
	.size	_ZN5hwlib19cin_using_uart_getc14char_availableEv, .-_ZN5hwlib19cin_using_uart_getc14char_availableEv
	.section	.text._ZN5hwlib7ostreamlsEc,"axG",%progbits,_ZN5hwlib7ostreamlsEc,comdat
	.align	1
	.weak	_ZN5hwlib7ostreamlsEc
	.thumb
	.thumb_func
	.type	_ZN5hwlib7ostreamlsEc, %function
_ZN5hwlib7ostreamlsEc:
	@ args = 0, pretend = 0, frame = 0
	@ frame_needed = 0, uses_anonymous_args = 0
	push	{r4, lr}
	mov	r4, r0
	ldr	r3, [r0]
	ldr	r3, [r3]
	blx	r3
	mov	r0, r4
	pop	{r4, pc}
	.size	_ZN5hwlib7ostreamlsEc, .-_ZN5hwlib7ostreamlsEc
	.section	.text._ZN5hwlib6window5writeENS_8locationENS_5colorE,"axG",%progbits,_ZN5hwlib6window5writeENS_8locationENS_5colorE,comdat
	.align	1
	.weak	_ZN5hwlib6window5writeENS_8locationENS_5colorE
	.thumb
	.thumb_func
	.type	_ZN5hwlib6window5writeENS_8locationENS_5colorE, %function
_ZN5hwlib6window5writeENS_8locationENS_5colorE:
	@ args = 0, pretend = 0, frame = 16
	@ frame_needed = 0, uses_anonymous_args = 0
	push	{r0, r1, r2, r3, r4, r5, r6, lr}
	add	r4, sp, #8
	stmia	r4, {r1, r2}
	tst	r3, #255
	str	r3, [sp, #4]
	ldr	r2, [sp, #12]
	bne	.L14
	cmp	r1, #0
	blt	.L14
	ldr	r6, [r0, #4]
	cmp	r1, r6
	bge	.L14
	cmp	r2, #0
	blt	.L14
	ldr	r1, [r0, #8]
	cmp	r2, r1
	bge	.L14
	ldr	r2, [r0]
	ldr	r5, [r2]
	ldmia	r4, {r1, r2}
	mov	ip, r5
	add	sp, sp, #16
	@ sp needed
	pop	{r4, r5, r6, lr}
	bx	ip	@ indirect register sibling call
.L14:
	add	sp, sp, #16
	@ sp needed
	pop	{r4, r5, r6, pc}
	.size	_ZN5hwlib6window5writeENS_8locationENS_5colorE, .-_ZN5hwlib6window5writeENS_8locationENS_5colorE
	.section	.text._ZN5hwlib4line4drawERNS_6windowE,"axG",%progbits,_ZN5hwlib4line4drawERNS_6windowE,comdat
	.align	1
	.weak	_ZN5hwlib4line4drawERNS_6windowE
	.thumb
	.thumb_func
	.type	_ZN5hwlib4line4drawERNS_6windowE, %function
_ZN5hwlib4line4drawERNS_6windowE:
	@ args = 0, pretend = 0, frame = 24
	@ frame_needed = 0, uses_anonymous_args = 0
	ldr	r3, [r0, #16]
	push	{r4, r5, r6, r7, r8, r9, r10, fp, lr}
	adds	r6, r0, #4
	ldmia	r6, {r6, r7, r10}
	rsb	r4, r6, r10
	subs	r5, r3, r7
	eor	r9, r5, r5, asr #31
	eor	r2, r4, r4, asr #31
	sub	r2, r2, r4, asr #31
	sub	r9, r9, r5, asr #31
	cmp	r9, r2
	sub	sp, sp, #28
	ite	lt
	movlt	r2, #0
	movge	r2, #1
	mov	r8, r0
	str	r1, [sp, #8]
	str	r2, [sp, #4]
	cbz	r2, .L18
	mov	r10, r3
	mov	r3, r6
	mov	r6, r7
	mov	r7, r3
	mov	r3, r4
	mov	r4, r5
	mov	r5, r3
.L18:
	cmp	r4, #0
	itte	lt
	rsblt	r4, r4, #0
	movlt	r9, #-1
	movge	r9, #1
	cmp	r5, #0
	it	lt
	rsblt	r5, r5, #0
	lsl	r5, r5, #1
	sub	ip, r5, r4, lsl #1
	ite	lt
	movlt	fp, #-1
	movge	fp, #1
	add	r4, r4, ip
.L21:
	cmp	r6, r10
	beq	.L32
	ldr	r3, [sp, #4]
	cbnz	r3, .L28
	mov	r3, r7
	mov	r2, r6
	b	.L22
.L28:
	mov	r3, r6
	mov	r2, r7
.L22:
	str	r3, [sp, #20]
	str	r2, [sp, #16]
	add	r3, sp, #24
	ldmdb	r3, {r1, r2}
	ldr	r0, [sp, #8]
	ldr	r3, [r8, #20]
	str	ip, [sp, #12]
	bl	_ZN5hwlib6window5writeENS_8locationENS_5colorE
	ldr	ip, [sp, #12]
	cmp	r4, #0
	itte	gt
	addgt	r4, r4, ip
	addgt	r7, r7, fp
	addle	r4, r4, r5
	add	r6, r6, r9
	b	.L21
.L32:
	add	sp, sp, #28
	@ sp needed
	pop	{r4, r5, r6, r7, r8, r9, r10, fp, pc}
	.size	_ZN5hwlib4line4drawERNS_6windowE, .-_ZN5hwlib4line4drawERNS_6windowE
	.section	.text._ZN5hwlib6circle4drawERNS_6windowE,"axG",%progbits,_ZN5hwlib6circle4drawERNS_6windowE,comdat
	.align	1
	.weak	_ZN5hwlib6circle4drawERNS_6windowE
	.thumb
	.thumb_func
	.type	_ZN5hwlib6circle4drawERNS_6windowE, %function
_ZN5hwlib6circle4drawERNS_6windowE:
	@ args = 0, pretend = 0, frame = 136
	@ frame_needed = 0, uses_anonymous_args = 0
	push	{r4, r5, r6, r7, r8, r9, r10, fp, lr}
	ldr	r5, [r0, #12]
	sub	sp, sp, #140
	cmp	r5, #0
	mov	r4, r0
	mov	r6, r1
	ble	.L33
	ldr	r3, [r0, #8]
	ldr	r2, [r0, #4]
	add	r3, r3, r5
	stmia	sp, {r2, r3}
	mov	r0, r1
	ldmia	sp, {r1, r2}
	ldr	r3, [r4, #16]
	bl	_ZN5hwlib6window5writeENS_8locationENS_5colorE
	ldr	r2, [r4, #12]
	ldr	r3, [r4, #8]
	mov	r0, r6
	subs	r3, r3, r2
	ldr	r2, [r4, #4]
	str	r3, [sp, #12]
	str	r2, [sp, #8]
	add	r3, sp, #8
	ldmia	r3, {r1, r2}
	ldr	r3, [r4, #16]
	bl	_ZN5hwlib6window5writeENS_8locationENS_5colorE
	adds	r1, r4, #4
	ldmia	r1, {r1, r2, r3}
	add	r3, r3, r1
	str	r3, [sp, #16]
	str	r2, [sp, #20]
	add	r3, sp, #16
	ldmia	r3, {r1, r2}
	mov	r0, r6
	ldr	r3, [r4, #16]
	bl	_ZN5hwlib6window5writeENS_8locationENS_5colorE
	ldr	r1, [r4, #12]
	ldr	r3, [r4, #4]
	ldr	r2, [r4, #8]
	subs	r3, r3, r1
	str	r3, [sp, #24]
	str	r2, [sp, #28]
	add	r3, sp, #24
	ldmia	r3, {r1, r2}
	mov	r0, r6
	ldr	r3, [r4, #16]
	bl	_ZN5hwlib6window5writeENS_8locationENS_5colorE
	ldrb	r3, [r4, #20]	@ zero_extendqisi2
	mvn	r9, #1
	rsb	r8, r5, #1
	mul	r9, r9, r5
	cmp	r3, #0
	bne	.L35
	ldr	r2, [r4, #8]
	ldr	r3, [r4, #12]
	mov	r0, r6
	add	r3, r3, r2
	ldr	r2, [r4, #4]
	str	r3, [sp, #36]
	str	r2, [sp, #32]
	add	r3, sp, #32
	ldmia	r3, {r1, r2}
	ldr	r3, [r4, #16]
	bl	_ZN5hwlib6window5writeENS_8locationENS_5colorE
	ldr	r2, [r4, #12]
	ldr	r3, [r4, #8]
	mov	r0, r6
	subs	r3, r3, r2
	ldr	r2, [r4, #4]
	str	r3, [sp, #44]
	str	r2, [sp, #40]
	add	r3, sp, #40
	ldmia	r3, {r1, r2}
	ldr	r3, [r4, #16]
	bl	_ZN5hwlib6window5writeENS_8locationENS_5colorE
	adds	r1, r4, #4
	ldmia	r1, {r1, r2, r3}
	ldrb	r0, [r4, #19]	@ zero_extendqisi2
	rsb	r10, r3, r1
	ldrb	ip, [r4, #16]	@ zero_extendqisi2
	ldrb	lr, [r4, #17]	@ zero_extendqisi2
	ldrb	r7, [r4, #18]	@ zero_extendqisi2
	str	r10, [sp, #116]
	ldr	r10, .L41
	add	r3, r3, r1
	strb	r0, [sp, #135]
	mov	r1, r6
	add	r0, sp, #112
	str	r2, [sp, #120]
	str	r10, [sp, #112]
	str	r3, [sp, #124]
	str	r2, [sp, #128]
	strb	ip, [sp, #132]
	strb	lr, [sp, #133]
	strb	r7, [sp, #134]
	bl	_ZN5hwlib4line4drawERNS_6windowE
.L35:
	movs	r7, #0
.L38:
	cmp	r8, #0
	ldr	r3, [r4, #8]
	ldr	r2, [r4, #4]
	it	ge
	addge	r5, r5, #-1
	add	r7, r7, #1
	add	r3, r3, r5
	add	r2, r2, r7
	str	r3, [sp, #52]
	str	r2, [sp, #48]
	add	r3, sp, #48
	it	ge
	addge	r9, r9, #2
	ldmia	r3, {r1, r2}
	mov	r0, r6
	ldr	r3, [r4, #16]
	it	ge
	addge	r8, r8, r9
	bl	_ZN5hwlib6window5writeENS_8locationENS_5colorE
	ldr	r3, [r4, #8]
	ldr	r2, [r4, #4]
	add	r3, r3, r5
	subs	r2, r2, r7
	str	r3, [sp, #60]
	str	r2, [sp, #56]
	add	r3, sp, #56
	ldmia	r3, {r1, r2}
	mov	r0, r6
	ldr	r3, [r4, #16]
	bl	_ZN5hwlib6window5writeENS_8locationENS_5colorE
	ldr	r3, [r4, #8]
	ldr	r2, [r4, #4]
	subs	r3, r3, r5
	add	r2, r2, r7
	str	r3, [sp, #68]
	str	r2, [sp, #64]
	add	r3, sp, #64
	ldmia	r3, {r1, r2}
	mov	r0, r6
	ldr	r3, [r4, #16]
	bl	_ZN5hwlib6window5writeENS_8locationENS_5colorE
	ldr	r3, [r4, #8]
	ldr	r2, [r4, #4]
	subs	r3, r3, r5
	subs	r2, r2, r7
	str	r3, [sp, #76]
	str	r2, [sp, #72]
	add	r3, sp, #72
	ldmia	r3, {r1, r2}
	mov	r0, r6
	ldr	r3, [r4, #16]
	bl	_ZN5hwlib6window5writeENS_8locationENS_5colorE
	ldr	r3, [r4, #8]
	ldr	r2, [r4, #4]
	add	r3, r3, r7
	add	r2, r2, r5
	str	r3, [sp, #84]
	str	r2, [sp, #80]
	add	r3, sp, #80
	ldmia	r3, {r1, r2}
	mov	r0, r6
	ldr	r3, [r4, #16]
	bl	_ZN5hwlib6window5writeENS_8locationENS_5colorE
	ldr	r3, [r4, #8]
	ldr	r2, [r4, #4]
	add	r3, r3, r7
	subs	r2, r2, r5
	str	r3, [sp, #92]
	str	r2, [sp, #88]
	add	r3, sp, #88
	ldmia	r3, {r1, r2}
	mov	r0, r6
	ldr	r3, [r4, #16]
	bl	_ZN5hwlib6window5writeENS_8locationENS_5colorE
	ldr	r3, [r4, #8]
	ldr	r2, [r4, #4]
	subs	r3, r3, r7
	add	r2, r2, r5
	str	r3, [sp, #100]
	str	r2, [sp, #96]
	add	r3, sp, #96
	ldmia	r3, {r1, r2}
	mov	r0, r6
	ldr	r3, [r4, #16]
	bl	_ZN5hwlib6window5writeENS_8locationENS_5colorE
	ldr	r3, [r4, #8]
	ldr	r2, [r4, #4]
	subs	r3, r3, r7
	subs	r2, r2, r5
	str	r3, [sp, #108]
	str	r2, [sp, #104]
	add	r3, sp, #104
	ldmia	r3, {r1, r2}
	mov	r0, r6
	ldr	r3, [r4, #16]
	bl	_ZN5hwlib6window5writeENS_8locationENS_5colorE
	ldrb	r1, [r4, #20]	@ zero_extendqisi2
	add	r8, r8, r7, lsl #1
	add	r8, r8, #1
	cmp	r1, #0
	bne	.L37
	ldr	r2, [r4, #4]
	ldrb	r0, [r4, #23]	@ zero_extendqisi2
	rsb	r10, r7, r2
	ldr	r3, [r4, #8]
	ldrb	ip, [r4, #21]	@ zero_extendqisi2
	ldrb	lr, [r4, #22]	@ zero_extendqisi2
	str	r10, [sp, #116]
	ldr	r10, .L41
	add	r3, r3, r5
	add	r2, r2, r7
	strb	r1, [sp, #132]
	strb	r0, [sp, #135]
	mov	r1, r6
	add	r0, sp, #112
	str	r3, [sp, #120]
	str	r2, [sp, #124]
	str	r3, [sp, #128]
	strb	ip, [sp, #133]
	strb	lr, [sp, #134]
	str	r10, [sp, #112]
	bl	_ZN5hwlib4line4drawERNS_6windowE
	ldr	r2, [r4, #4]
	ldrb	r0, [r4, #22]	@ zero_extendqisi2
	ldrb	r1, [r4, #23]	@ zero_extendqisi2
	ldr	r3, [r4, #8]
	ldrb	ip, [r4, #20]	@ zero_extendqisi2
	ldrb	lr, [r4, #21]	@ zero_extendqisi2
	subs	r3, r3, r5
	rsb	fp, r7, r2
	strb	r0, [sp, #134]
	add	r2, r2, r7
	strb	r1, [sp, #135]
	add	r0, sp, #112
	mov	r1, r6
	str	fp, [sp, #116]
	str	r3, [sp, #120]
	str	r2, [sp, #124]
	str	r3, [sp, #128]
	strb	ip, [sp, #132]
	strb	lr, [sp, #133]
	str	r10, [sp, #112]
	bl	_ZN5hwlib4line4drawERNS_6windowE
	ldr	r2, [r4, #4]
	ldrb	r0, [r4, #22]	@ zero_extendqisi2
	ldrb	r1, [r4, #23]	@ zero_extendqisi2
	ldr	r3, [r4, #8]
	ldrb	ip, [r4, #20]	@ zero_extendqisi2
	ldrb	lr, [r4, #21]	@ zero_extendqisi2
	add	r3, r3, r7
	rsb	fp, r5, r2
	strb	r0, [sp, #134]
	add	r2, r2, r5
	strb	r1, [sp, #135]
	add	r0, sp, #112
	mov	r1, r6
	str	fp, [sp, #116]
	str	r3, [sp, #120]
	str	r2, [sp, #124]
	str	r3, [sp, #128]
	strb	ip, [sp, #132]
	strb	lr, [sp, #133]
	str	r10, [sp, #112]
	bl	_ZN5hwlib4line4drawERNS_6windowE
	ldr	r2, [r4, #4]
	ldrb	r0, [r4, #22]	@ zero_extendqisi2
	ldrb	r1, [r4, #23]	@ zero_extendqisi2
	ldr	r3, [r4, #8]
	ldrb	ip, [r4, #20]	@ zero_extendqisi2
	ldrb	lr, [r4, #21]	@ zero_extendqisi2
	subs	r3, r3, r7
	rsb	fp, r5, r2
	strb	r0, [sp, #134]
	add	r2, r2, r5
	strb	r1, [sp, #135]
	add	r0, sp, #112
	mov	r1, r6
	str	fp, [sp, #116]
	str	r3, [sp, #120]
	str	r10, [sp, #112]
	str	r2, [sp, #124]
	str	r3, [sp, #128]
	strb	ip, [sp, #132]
	strb	lr, [sp, #133]
	bl	_ZN5hwlib4line4drawERNS_6windowE
.L37:
	cmp	r7, r5
	blt	.L38
.L33:
	add	sp, sp, #140
	@ sp needed
	pop	{r4, r5, r6, r7, r8, r9, r10, fp, pc}
.L42:
	.align	2
.L41:
	.word	_ZTVN5hwlib4lineE+8
	.size	_ZN5hwlib6circle4drawERNS_6windowE, .-_ZN5hwlib6circle4drawERNS_6windowE
	.section	.text._ZN5hwlib5blinkERNS_7pin_outEi,"ax",%progbits
	.align	1
	.weak	_ZN5hwlib5blinkERNS_7pin_outEi
	.thumb
	.thumb_func
	.type	_ZN5hwlib5blinkERNS_7pin_outEi, %function
_ZN5hwlib5blinkERNS_7pin_outEi:
	@ Volatile: function does not return.
	@ args = 0, pretend = 0, frame = 0
	@ frame_needed = 0, uses_anonymous_args = 0
	mov	r4, r0
	mov	r5, r1
	push	{r3, lr}
.L44:
	ldr	r3, [r4]
	mov	r0, r4
	ldr	r3, [r3]
	movs	r1, #1
	blx	r3
	mov	r0, r5
	bl	_ZN5hwlib7wait_msEi
	ldr	r3, [r4]
	mov	r0, r4
	ldr	r3, [r3]
	movs	r1, #0
	blx	r3
	mov	r0, r5
	bl	_ZN5hwlib7wait_msEi
	b	.L44
	.size	_ZN5hwlib5blinkERNS_7pin_outEi, .-_ZN5hwlib5blinkERNS_7pin_outEi
	.section	.text._ZN5hwlib4kittERNS_11port_in_outEi,"ax",%progbits
	.align	1
	.weak	_ZN5hwlib4kittERNS_11port_in_outEi
	.thumb
	.thumb_func
	.type	_ZN5hwlib4kittERNS_11port_in_outEi, %function
_ZN5hwlib4kittERNS_11port_in_outEi:
	@ Volatile: function does not return.
	@ args = 0, pretend = 0, frame = 0
	@ frame_needed = 0, uses_anonymous_args = 0
	push	{r3, lr}
	ldr	r3, [r0]
	mov	r4, r0
	ldr	r3, [r3, #12]
	mov	r6, r1
	blx	r3
.L50:
	movs	r5, #0
.L46:
	ldr	r3, [r4]
	mov	r0, r4
	ldr	r3, [r3]
	blx	r3
	cmp	r5, r0
	ldr	r3, [r4]
	bcs	.L51
	movs	r1, #1
	lsls	r1, r1, r5
	ldr	r3, [r3, #16]
	mov	r0, r4
	blx	r3
	mov	r0, r6
	bl	_ZN5hwlib7wait_msEi
	adds	r5, r5, #1
	b	.L46
.L51:
	ldr	r3, [r3]
	mov	r0, r4
	blx	r3
	subs	r5, r0, #2
.L48:
	cmp	r5, #0
	beq	.L50
	ldr	r3, [r4]
	movs	r1, #1
	lsls	r1, r1, r5
	ldr	r3, [r3, #16]
	mov	r0, r4
	blx	r3
	mov	r0, r6
	bl	_ZN5hwlib7wait_msEi
	subs	r5, r5, #1
	b	.L48
	.size	_ZN5hwlib4kittERNS_11port_in_outEi, .-_ZN5hwlib4kittERNS_11port_in_outEi
	.section	.text._ZN5hwlib4kittERNS_8port_outEi,"ax",%progbits
	.align	1
	.weak	_ZN5hwlib4kittERNS_8port_outEi
	.thumb
	.thumb_func
	.type	_ZN5hwlib4kittERNS_8port_outEi, %function
_ZN5hwlib4kittERNS_8port_outEi:
	@ Volatile: function does not return.
	@ args = 0, pretend = 0, frame = 0
	@ frame_needed = 0, uses_anonymous_args = 0
	mov	r4, r0
	mov	r6, r1
	push	{r3, lr}
.L57:
	movs	r5, #0
.L53:
	ldr	r3, [r4]
	mov	r0, r4
	ldr	r3, [r3]
	blx	r3
	cmp	r5, r0
	ldr	r3, [r4]
	bcs	.L58
	movs	r1, #1
	lsls	r1, r1, r5
	ldr	r3, [r3, #4]
	mov	r0, r4
	blx	r3
	mov	r0, r6
	bl	_ZN5hwlib7wait_msEi
	adds	r5, r5, #1
	b	.L53
.L58:
	ldr	r3, [r3]
	mov	r0, r4
	blx	r3
	subs	r5, r0, #2
.L55:
	cmp	r5, #0
	beq	.L57
	ldr	r3, [r4]
	movs	r1, #1
	lsls	r1, r1, r5
	ldr	r3, [r3, #4]
	mov	r0, r4
	blx	r3
	mov	r0, r6
	bl	_ZN5hwlib7wait_msEi
	subs	r5, r5, #1
	b	.L55
	.size	_ZN5hwlib4kittERNS_8port_outEi, .-_ZN5hwlib4kittERNS_8port_outEi
	.section	.text._ZN5hwlib4kittERNS_7port_ocEi,"ax",%progbits
	.align	1
	.weak	_ZN5hwlib4kittERNS_7port_ocEi
	.thumb
	.thumb_func
	.type	_ZN5hwlib4kittERNS_7port_ocEi, %function
_ZN5hwlib4kittERNS_7port_ocEi:
	@ Volatile: function does not return.
	@ args = 0, pretend = 0, frame = 0
	@ frame_needed = 0, uses_anonymous_args = 0
	mov	r4, r0
	mov	r6, r1
	push	{r3, lr}
.L64:
	movs	r5, #0
.L60:
	ldr	r3, [r4]
	mov	r0, r4
	ldr	r3, [r3]
	blx	r3
	cmp	r5, r0
	ldr	r3, [r4]
	bcs	.L65
	movs	r1, #1
	lsls	r1, r1, r5
	ldr	r3, [r3, #8]
	mov	r0, r4
	blx	r3
	mov	r0, r6
	bl	_ZN5hwlib7wait_msEi
	adds	r5, r5, #1
	b	.L60
.L65:
	ldr	r3, [r3]
	mov	r0, r4
	blx	r3
	subs	r5, r0, #2
.L62:
	cmp	r5, #0
	beq	.L64
	ldr	r3, [r4]
	movs	r1, #1
	lsls	r1, r1, r5
	ldr	r3, [r3, #8]
	mov	r0, r4
	blx	r3
	mov	r0, r6
	bl	_ZN5hwlib7wait_msEi
	subs	r5, r5, #1
	b	.L62
	.size	_ZN5hwlib4kittERNS_7port_ocEi, .-_ZN5hwlib4kittERNS_7port_ocEi
	.section	.text._ZN5hwlib4randEv,"ax",%progbits
	.align	1
	.weak	_ZN5hwlib4randEv
	.thumb
	.thumb_func
	.type	_ZN5hwlib4randEv, %function
_ZN5hwlib4randEv:
	@ args = 0, pretend = 0, frame = 0
	@ frame_needed = 0, uses_anonymous_args = 0
	@ link register save eliminated.
	ldr	r2, .L67
	ldr	r1, .L67+4
	ldr	r3, [r2]
	ldr	r0, .L67+8
	mla	r0, r0, r3, r1
	str	r0, [r2]
	ubfx	r0, r0, #16, #15
	bx	lr
.L68:
	.align	2
.L67:
	.word	.LANCHOR0
	.word	2531011
	.word	214013
	.size	_ZN5hwlib4randEv, .-_ZN5hwlib4randEv
	.section	.text._ZN5hwlib15random_in_rangeEjj,"ax",%progbits
	.align	1
	.weak	_ZN5hwlib15random_in_rangeEjj
	.thumb
	.thumb_func
	.type	_ZN5hwlib15random_in_rangeEjj, %function
_ZN5hwlib15random_in_rangeEjj:
	@ args = 0, pretend = 0, frame = 0
	@ frame_needed = 0, uses_anonymous_args = 0
	push	{r3, r4, r5, lr}
	mov	r5, r0
	mov	r4, r1
	bl	_ZN5hwlib4randEv
	subs	r1, r4, r5
	adds	r1, r1, #1
	udiv	r3, r0, r1
	mls	r0, r3, r1, r0
	add	r0, r0, r5
	pop	{r3, r4, r5, pc}
	.size	_ZN5hwlib15random_in_rangeEjj, .-_ZN5hwlib15random_in_rangeEjj
	.section	.text._ZN5hwlib21graphics_random_linesERNS_6windowE,"ax",%progbits
	.align	1
	.weak	_ZN5hwlib21graphics_random_linesERNS_6windowE
	.thumb
	.thumb_func
	.type	_ZN5hwlib21graphics_random_linesERNS_6windowE, %function
_ZN5hwlib21graphics_random_linesERNS_6windowE:
	@ Volatile: function does not return.
	@ args = 0, pretend = 0, frame = 56
	@ frame_needed = 0, uses_anonymous_args = 0
	mov	r4, r0
	push	{r7, lr}
	sub	sp, sp, #56
.L76:
	ldr	r3, [r4]
	mov	r0, r4
	ldr	r3, [r3, #4]
	blx	r3
	movs	r6, #0
.L71:
	ldr	r3, [r4, #4]
	movs	r5, #0
	cmp	r6, r3
	bge	.L73
	str	r6, [sp]
	str	r5, [sp, #4]
	mov	r0, r4
	ldmia	sp, {r1, r2}
	ldr	r3, [r4, #12]
	bl	_ZN5hwlib6window5writeENS_8locationENS_5colorE
	ldr	r3, [r4, #8]
	str	r6, [sp, #8]
	subs	r3, r3, #1
	str	r3, [sp, #12]
	add	r3, sp, #8
	ldmia	r3, {r1, r2}
	mov	r0, r4
	ldr	r3, [r4, #12]
	bl	_ZN5hwlib6window5writeENS_8locationENS_5colorE
	adds	r6, r6, #1
	b	.L71
.L73:
	ldr	r3, [r4, #8]
	cmp	r5, r3
	bge	.L78
	movs	r3, #0
	str	r3, [sp, #16]
	str	r5, [sp, #20]
	add	r3, sp, #16
	ldmia	r3, {r1, r2}
	mov	r0, r4
	ldr	r3, [r4, #12]
	bl	_ZN5hwlib6window5writeENS_8locationENS_5colorE
	ldr	r3, [r4, #4]
	str	r5, [sp, #28]
	subs	r3, r3, #1
	str	r3, [sp, #24]
	add	r3, sp, #24
	ldmia	r3, {r1, r2}
	mov	r0, r4
	ldr	r3, [r4, #12]
	bl	_ZN5hwlib6window5writeENS_8locationENS_5colorE
	adds	r5, r5, #1
	b	.L73
.L78:
	movs	r5, #30
.L75:
	ldr	r1, [r4, #8]
	movs	r0, #0
	bl	_ZN5hwlib15random_in_rangeEjj
	ldr	r1, [r4, #4]
	mov	r9, r0
	movs	r0, #0
	bl	_ZN5hwlib15random_in_rangeEjj
	ldr	r1, [r4, #8]
	mov	r7, r0
	movs	r0, #0
	bl	_ZN5hwlib15random_in_rangeEjj
	ldr	r1, [r4, #8]
	mov	r8, r0
	movs	r0, #0
	bl	_ZN5hwlib15random_in_rangeEjj
	ldrb	r1, [r4, #13]	@ zero_extendqisi2
	ldrb	r2, [r4, #14]	@ zero_extendqisi2
	ldrb	r3, [r4, #15]	@ zero_extendqisi2
	ldr	lr, .L79
	ldrb	r6, [r4, #12]	@ zero_extendqisi2
	str	r0, [sp, #48]
	strb	r1, [sp, #53]
	add	r0, sp, #32
	mov	r1, r4
	str	lr, [sp, #32]
	strb	r2, [sp, #54]
	strb	r3, [sp, #55]
	str	r9, [sp, #36]
	str	r8, [sp, #40]
	str	r7, [sp, #44]
	strb	r6, [sp, #52]
	bl	_ZN5hwlib4line4drawERNS_6windowE
	mov	r0, #500
	bl	_ZN5hwlib7wait_msEi
	subs	r5, r5, #1
	bne	.L75
	b	.L76
.L80:
	.align	2
.L79:
	.word	_ZTVN5hwlib4lineE+8
	.size	_ZN5hwlib21graphics_random_linesERNS_6windowE, .-_ZN5hwlib21graphics_random_linesERNS_6windowE
	.section	.text._ZN5hwlib23graphics_random_circlesERNS_6windowE,"ax",%progbits
	.align	1
	.weak	_ZN5hwlib23graphics_random_circlesERNS_6windowE
	.thumb
	.thumb_func
	.type	_ZN5hwlib23graphics_random_circlesERNS_6windowE, %function
_ZN5hwlib23graphics_random_circlesERNS_6windowE:
	@ Volatile: function does not return.
	@ args = 0, pretend = 0, frame = 24
	@ frame_needed = 0, uses_anonymous_args = 0
	push	{r0, r1, r2, r3, r4, r5, r7, lr}
	mov	r4, r0
.L83:
	ldr	r3, [r4]
	mov	r0, r4
	ldr	r3, [r3, #4]
	blx	r3
	movs	r5, #30
.L82:
	ldr	r1, [r4, #4]
	movs	r0, #10
	subs	r1, r1, #10
	bl	_ZN5hwlib15random_in_rangeEjj
	ldr	r1, [r4, #8]
	mov	r8, r0
	subs	r1, r1, #10
	movs	r0, #10
	bl	_ZN5hwlib15random_in_rangeEjj
	ldr	r1, [r4, #8]
	movs	r3, #4
	mov	r7, r0
	sdiv	r1, r1, r3
	movs	r0, #0
	bl	_ZN5hwlib15random_in_rangeEjj
	ldrb	r3, [r4, #15]	@ zero_extendqisi2
	ldrb	r1, [r4, #13]	@ zero_extendqisi2
	ldrb	r2, [r4, #14]	@ zero_extendqisi2
	ldrb	r6, [r4, #12]	@ zero_extendqisi2
	str	r7, [sp, #8]
	strb	r3, [sp, #19]
	ldr	r7, .L85
	movs	r3, #1
	str	r0, [sp, #12]
	strb	r1, [sp, #17]
	strb	r3, [sp, #20]
	mov	r0, sp
	movs	r3, #0
	mov	r1, r4
	strb	r2, [sp, #18]
	strb	r3, [sp, #21]
	strb	r3, [sp, #22]
	strb	r3, [sp, #23]
	str	r8, [sp, #4]
	str	r7, [sp]
	strb	r6, [sp, #16]
	bl	_ZN5hwlib6circle4drawERNS_6windowE
	mov	r0, #500
	bl	_ZN5hwlib7wait_msEi
	subs	r5, r5, #1
	bne	.L82
	b	.L83
.L86:
	.align	2
.L85:
	.word	_ZTVN5hwlib6circleE+8
	.size	_ZN5hwlib23graphics_random_circlesERNS_6windowE, .-_ZN5hwlib23graphics_random_circlesERNS_6windowE
	.section	.text._ZN6sam3xa10SystemInitEv,"axG",%progbits,_ZN6sam3xa10SystemInitEv,comdat
	.align	1
	.weak	_ZN6sam3xa10SystemInitEv
	.thumb
	.thumb_func
	.type	_ZN6sam3xa10SystemInitEv, %function
_ZN6sam3xa10SystemInitEv:
	@ args = 0, pretend = 0, frame = 0
	@ frame_needed = 0, uses_anonymous_args = 0
	@ link register save eliminated.
	ldr	r2, .L108
	mov	r3, #1024
	str	r3, [r2]
	str	r3, [r2, #512]
	ldr	r3, .L108+4
	ldr	r2, [r3, #32]
	lsls	r1, r2, #7
	bpl	.L88
.L91:
	ldr	r2, .L108+8
	str	r2, [r3, #32]
	b	.L89
.L88:
	ldr	r2, .L108+12
	str	r2, [r3, #32]
.L90:
	ldr	r2, [r3, #104]
	lsls	r2, r2, #31
	bpl	.L90
	b	.L91
.L89:
	ldr	r2, [r3, #104]
	ldr	r1, .L108+4
	lsls	r0, r2, #15
	bpl	.L89
	ldr	r2, [r1, #48]
	bic	r2, r2, #3
	orr	r2, r2, #1
	str	r2, [r1, #48]
.L92:
	ldr	r2, [r3, #104]
	lsls	r2, r2, #28
	bpl	.L92
	ldr	r1, .L108+16
	ldr	r2, .L108+4
	str	r1, [r2, #40]
.L93:
	ldr	r2, [r3, #104]
	lsls	r0, r2, #30
	bpl	.L93
	ldr	r2, .L108+4
	movs	r1, #17
	str	r1, [r2, #48]
.L94:
	ldr	r2, [r3, #104]
	lsls	r1, r2, #28
	bpl	.L94
	ldr	r2, .L108+4
	movs	r1, #18
	str	r1, [r2, #48]
.L95:
	ldr	r2, [r3, #104]
	lsls	r2, r2, #28
	bpl	.L95
	ldr	r2, .L108+20
	ldr	r3, .L108+24
	str	r2, [r3]
	bx	lr
.L109:
	.align	2
.L108:
	.word	1074661888
	.word	1074660864
	.word	20383753
	.word	3606537
	.word	537739009
	.word	84000000
	.word	_ZN6sam3xa15SystemCoreClockE
	.size	_ZN6sam3xa10SystemInitEv, .-_ZN6sam3xa10SystemInitEv
	.section	.text._ZN3due8pin_infoENS_4pinsE,"ax",%progbits
	.align	1
	.weak	_ZN3due8pin_infoENS_4pinsE
	.thumb
	.thumb_func
	.type	_ZN3due8pin_infoENS_4pinsE, %function
_ZN3due8pin_infoENS_4pinsE:
	@ args = 0, pretend = 0, frame = 0
	@ frame_needed = 0, uses_anonymous_args = 0
	cmp	r0, #81
	push	{r3, lr}
	bls	.L111
	ldr	r0, .L112
	movs	r1, #190
	bl	_ZN5hwlib5panicEPKci
.L111:
	ldr	r3, .L112+4
	add	r0, r3, r0, lsl #1
	pop	{r3, pc}
.L113:
	.align	2
.L112:
	.word	.LC0
	.word	.LANCHOR1
	.size	_ZN3due8pin_infoENS_4pinsE, .-_ZN3due8pin_infoENS_4pinsE
	.section	.text._ZN3due11ad_pin_infoENS_7ad_pinsE,"ax",%progbits
	.align	1
	.weak	_ZN3due11ad_pin_infoENS_7ad_pinsE
	.thumb
	.thumb_func
	.type	_ZN3due11ad_pin_infoENS_7ad_pinsE, %function
_ZN3due11ad_pin_infoENS_7ad_pinsE:
	@ args = 0, pretend = 0, frame = 0
	@ frame_needed = 0, uses_anonymous_args = 0
	cmp	r0, #11
	push	{r3, lr}
	bls	.L115
	ldr	r0, .L116
	movs	r1, #236
	bl	_ZN5hwlib5panicEPKci
.L115:
	ldr	r3, .L116+4
	add	r0, r0, r3
	pop	{r3, pc}
.L117:
	.align	2
.L116:
	.word	.LC0
	.word	.LANCHOR2
	.size	_ZN3due11ad_pin_infoENS_7ad_pinsE, .-_ZN3due11ad_pin_infoENS_7ad_pinsE
	.section	.text._ZN3due11ad_seq_infoEi,"ax",%progbits
	.align	1
	.weak	_ZN3due11ad_seq_infoEi
	.thumb
	.thumb_func
	.type	_ZN3due11ad_seq_infoEi, %function
_ZN3due11ad_seq_infoEi:
	@ args = 0, pretend = 0, frame = 0
	@ frame_needed = 0, uses_anonymous_args = 0
	cmp	r0, #13
	push	{r3, lr}
	ble	.L119
	ldr	r0, .L120
	mov	r1, #268
	bl	_ZN5hwlib5panicEPKci
.L119:
	ldr	r3, .L120+4
	add	r0, r3, r0, lsl #3
	pop	{r3, pc}
.L121:
	.align	2
.L120:
	.word	.LC0
	.word	.LANCHOR3
	.size	_ZN3due11ad_seq_infoEi, .-_ZN3due11ad_seq_infoEi
	.section	.text._ZN3due14port_registersEi,"ax",%progbits
	.align	1
	.weak	_ZN3due14port_registersEi
	.thumb
	.thumb_func
	.type	_ZN3due14port_registersEi, %function
_ZN3due14port_registersEi:
	@ args = 0, pretend = 0, frame = 0
	@ frame_needed = 0, uses_anonymous_args = 0
	push	{r3, lr}
	ldr	r3, .L130
	mov	r2, #129024
	str	r2, [r3, #16]
	cmp	r0, #3
	bhi	.L123
	tbb	[pc, r0]
.L125:
	.byte	(.L124-.L125)/2
	.byte	(.L126-.L125)/2
	.byte	(.L129-.L125)/2
	.byte	(.L128-.L125)/2
	.p2align 1
.L126:
	ldr	r0, .L130+4
	pop	{r3, pc}
.L128:
	ldr	r0, .L130+8
	pop	{r3, pc}
.L123:
	ldr	r0, .L130+12
	movw	r1, #287
	bl	_ZN5hwlib5panicEPKci
.L124:
	ldr	r0, .L130+16
	pop	{r3, pc}
.L129:
	ldr	r0, .L130+20
	pop	{r3, pc}
.L131:
	.align	2
.L130:
	.word	1074660864
	.word	1074663424
	.word	1074664448
	.word	.LC0
	.word	1074662912
	.word	1074663936
	.size	_ZN3due14port_registersEi, .-_ZN3due14port_registersEi
	.section	.text._ZN3due9now_ticksEv,"ax",%progbits
	.align	1
	.weak	_ZN3due9now_ticksEv
	.thumb
	.thumb_func
	.type	_ZN3due9now_ticksEv, %function
_ZN3due9now_ticksEv:
	@ args = 0, pretend = 0, frame = 0
	@ frame_needed = 0, uses_anonymous_args = 0
	push	{r3, r4, r5, lr}
	ldr	r5, .L135
	ldrb	r4, [r5]	@ zero_extendqisi2
	cbnz	r4, .L133
	bl	_ZN6sam3xa10SystemInitEv
	ldr	r3, .L135+4
	mvn	r2, #-16777216
	str	r4, [r3]
	str	r2, [r3, #4]
	movs	r2, #5
	str	r4, [r3, #8]
	str	r2, [r3]
	movs	r3, #1
	strb	r3, [r5]
.L133:
	ldr	r3, .L135+4
	ldr	r2, .L135+8
	ldr	r3, [r3, #8]
	ldr	r1, [r2]
	mvns	r3, r3
	bic	r3, r3, #-16777216
	cmp	r3, r1
	ldr	r1, .L135+12
	bcs	.L134
	ldrd	r4, [r1]
	adds	r4, r4, #16777216
	adc	r5, r5, #0
	strd	r4, [r1]
.L134:
	ldrd	r0, [r1]
	str	r3, [r2]
	orrs	r0, r0, r3
	pop	{r3, r4, r5, pc}
.L136:
	.align	2
.L135:
	.word	.LANCHOR4
	.word	-536813552
	.word	.LANCHOR5
	.word	.LANCHOR6
	.size	_ZN3due9now_ticksEv, .-_ZN3due9now_ticksEv
	.global	__aeabi_ldivmod
	.section	.text._ZN3due6now_usEv,"ax",%progbits
	.align	1
	.weak	_ZN3due6now_usEv
	.thumb
	.thumb_func
	.type	_ZN3due6now_usEv, %function
_ZN3due6now_usEv:
	@ args = 0, pretend = 0, frame = 0
	@ frame_needed = 0, uses_anonymous_args = 0
	push	{r3, lr}
	bl	_ZN3due9now_ticksEv
	movs	r2, #84
	movs	r3, #0
	bl	__aeabi_ldivmod
	pop	{r3, pc}
	.size	_ZN3due6now_usEv, .-_ZN3due6now_usEv
	.section	.text._ZN3due11wait_us_oldEi,"ax",%progbits
	.align	1
	.weak	_ZN3due11wait_us_oldEi
	.thumb
	.thumb_func
	.type	_ZN3due11wait_us_oldEi, %function
_ZN3due11wait_us_oldEi:
	@ args = 0, pretend = 0, frame = 0
	@ frame_needed = 0, uses_anonymous_args = 0
	@ link register save eliminated.
	ldr	r1, .L139
	ldr	r2, .L139+4
	mov	r3, r0
	str	r1, [r2, #32]
@ 772 "../hwlib/hwlib-due.hpp" 1
	   mov r0, r3   	
   b   1f           	
   .align 4         	
1: subs r0, #1      	
   b   2f           	
2: b   3f           	
3: b   4f           	
4: b   5f           	
5: nop              	
   bgt 1b           	

@ 0 "" 2
	.thumb
	bx	lr
.L140:
	.align	2
.L139:
	.word	3604520
	.word	1074660864
	.size	_ZN3due11wait_us_oldEi, .-_ZN3due11wait_us_oldEi
	.section	.text._ZN5hwlib9now_ticksEv,"ax",%progbits
	.align	1
	.weak	_ZN5hwlib9now_ticksEv
	.thumb
	.thumb_func
	.type	_ZN5hwlib9now_ticksEv, %function
_ZN5hwlib9now_ticksEv:
	@ args = 0, pretend = 0, frame = 0
	@ frame_needed = 0, uses_anonymous_args = 0
	push	{r3, lr}
	bl	_ZN3due9now_ticksEv
	pop	{r3, pc}
	.size	_ZN5hwlib9now_ticksEv, .-_ZN5hwlib9now_ticksEv
	.section	.text._ZN5hwlib24uart_putc_bit_banged_pinEcRNS_7pin_outE,"ax",%progbits
	.align	1
	.weak	_ZN5hwlib24uart_putc_bit_banged_pinEcRNS_7pin_outE
	.thumb
	.thumb_func
	.type	_ZN5hwlib24uart_putc_bit_banged_pinEcRNS_7pin_outE, %function
_ZN5hwlib24uart_putc_bit_banged_pinEcRNS_7pin_outE:
	@ args = 0, pretend = 0, frame = 0
	@ frame_needed = 0, uses_anonymous_args = 0
	push	{r3, r4, r5, r6, r7, r8, r9, r10, fp, lr}
	mov	r10, r1
	mov	fp, r0
	bl	_ZN5hwlib9now_ticksEv
	movw	r4, #2187
	mov	r6, r0
	mov	r7, r1
	ldr	r3, [r10]
	mov	r0, r10
	ldr	r3, [r3]
	movs	r1, #1
	blx	r3
	movs	r5, #0
	adds	r4, r4, r6
	adcs	r5, r5, r7
.L143:
	bl	_ZN5hwlib9now_ticksEv
	cmp	r0, r4
	sbcs	r3, r1, r5
	blt	.L143
	movw	r4, #4374
	ldr	r3, [r10]
	mov	r0, r10
	ldr	r3, [r3]
	movs	r1, #0
	blx	r3
	movs	r5, #0
	adds	r4, r4, r6
	adcs	r5, r5, r7
.L144:
	bl	_ZN5hwlib9now_ticksEv
	cmp	r0, r4
	sbcs	r3, r1, r5
	blt	.L144
	movw	r8, #21870
	mov	r9, #0
	adds	r8, r8, r6
	adc	r9, r9, r7
.L146:
	ldr	r3, [r10]
	and	r1, fp, #1
	ldr	r3, [r3]
	mov	r0, r10
	blx	r3
	movw	r2, #2187
	movs	r3, #0
	adds	r4, r4, r2
	lsr	fp, fp, #1
	adcs	r5, r5, r3
.L145:
	bl	_ZN5hwlib9now_ticksEv
	cmp	r0, r4
	sbcs	r3, r1, r5
	blt	.L145
	cmp	r5, r9
	it	eq
	cmpeq	r4, r8
	bne	.L146
	ldr	r3, [r10]
	mov	r0, r10
	ldr	r3, [r3]
	movs	r1, #1
	blx	r3
	movw	r2, #26244
	movs	r3, #0
	adds	r6, r6, r2
	adcs	r7, r7, r3
.L147:
	bl	_ZN5hwlib9now_ticksEv
	cmp	r0, r6
	sbcs	r3, r1, r7
	blt	.L147
	pop	{r3, r4, r5, r6, r7, r8, r9, r10, fp, pc}
	.size	_ZN5hwlib24uart_putc_bit_banged_pinEcRNS_7pin_outE, .-_ZN5hwlib24uart_putc_bit_banged_pinEcRNS_7pin_outE
	.section	.text._ZN5hwlib24uart_getc_bit_banged_pinERNS_6pin_inE,"ax",%progbits
	.align	1
	.weak	_ZN5hwlib24uart_getc_bit_banged_pinERNS_6pin_inE
	.thumb
	.thumb_func
	.type	_ZN5hwlib24uart_getc_bit_banged_pinERNS_6pin_inE, %function
_ZN5hwlib24uart_getc_bit_banged_pinERNS_6pin_inE:
	@ args = 0, pretend = 0, frame = 0
	@ frame_needed = 0, uses_anonymous_args = 0
	push	{r3, r4, r5, r6, r7, r8, r9, r10, fp, lr}
	mov	fp, r0
.L154:
	ldr	r3, [fp]
	mov	r0, fp
	ldr	r3, [r3]
	blx	r3
	cbz	r0, .L168
	movs	r0, #1
	bl	_ZN5hwlib7wait_usEi
	b	.L154
.L168:
	bl	_ZN5hwlib9now_ticksEv
	mov	r6, r0
	mov	r7, r1
	adds	r4, r0, #3280
	adc	r5, r1, #0
.L156:
	bl	_ZN5hwlib9now_ticksEv
	cmp	r0, r4
	sbcs	r3, r1, r5
	blt	.L156
	movw	r8, #20776
	mov	r9, #0
	adds	r8, r8, r6
	adc	r9, r9, r7
	mov	r10, #0
.L159:
	ldr	r3, [fp]
	mov	r0, fp
	ldr	r3, [r3]
	lsr	r10, r10, #1
	blx	r3
	cbz	r0, .L157
	orn	r10, r10, #127
	uxtb	r10, r10
.L157:
	movw	r2, #2187
	movs	r3, #0
	adds	r4, r4, r2
	adcs	r5, r5, r3
.L158:
	bl	_ZN5hwlib9now_ticksEv
	cmp	r0, r4
	sbcs	r3, r1, r5
	blt	.L158
	cmp	r5, r9
	it	eq
	cmpeq	r4, r8
	bne	.L159
	movw	r2, #22963
	movs	r3, #0
	adds	r6, r6, r2
	adcs	r7, r7, r3
.L160:
	bl	_ZN5hwlib9now_ticksEv
	cmp	r0, r6
	sbcs	r3, r1, r7
	blt	.L160
	mov	r0, r10
	pop	{r3, r4, r5, r6, r7, r8, r9, r10, fp, pc}
	.size	_ZN5hwlib24uart_getc_bit_banged_pinERNS_6pin_inE, .-_ZN5hwlib24uart_getc_bit_banged_pinERNS_6pin_inE
	.section	.text._ZN5hwlib6now_usEv,"ax",%progbits
	.align	1
	.weak	_ZN5hwlib6now_usEv
	.thumb
	.thumb_func
	.type	_ZN5hwlib6now_usEv, %function
_ZN5hwlib6now_usEv:
	@ args = 0, pretend = 0, frame = 0
	@ frame_needed = 0, uses_anonymous_args = 0
	push	{r3, lr}
	bl	_ZN3due6now_usEv
	pop	{r3, pc}
	.size	_ZN5hwlib6now_usEv, .-_ZN5hwlib6now_usEv
	.section	.text.put_char,"ax",%progbits
	.align	1
	.global	put_char
	.thumb
	.thumb_func
	.type	put_char, %function
put_char:
	@ args = 0, pretend = 0, frame = 0
	@ frame_needed = 0, uses_anonymous_args = 0
	push	{r3, lr}
	mov	r1, r0
	ldr	r0, .L171
	bl	_ZN5hwlib7ostreamlsEc
	pop	{r3, pc}
.L172:
	.align	2
.L171:
	.word	_ZN5hwlib4coutE
	.size	put_char, .-put_char
	.section	.text.convert,"ax",%progbits
	.align	1
	.global	convert
	.thumb
	.thumb_func
	.type	convert, %function
convert:
	@ args = 0, pretend = 0, frame = 0
	@ frame_needed = 0, uses_anonymous_args = 0
	@ link register save eliminated.
	sub	r3, r0, #65
	cmp	r3, #25
	bhi	.L174
	adds	r0, r0, #32
	b	.L177
.L174:
	sub	r3, r0, #97
	cmp	r3, #25
	bhi	.L175
	subs	r0, r0, #32
.L177:
	uxtb	r0, r0
.L175:
	bx	lr
	.size	convert, .-convert
	.section	.text.startup.main,"ax",%progbits
	.align	1
	.global	main
	.thumb
	.thumb_func
	.type	main, %function
main:
	@ args = 0, pretend = 0, frame = 0
	@ frame_needed = 0, uses_anonymous_args = 0
	push	{r3, r4, r5, lr}
	ldr	r3, .L197
	mov	r2, #32768
	ldr	r4, .L197+4
	str	r2, [r3, #4]
	mov	r0, #1000
	bl	_ZN5hwlib7wait_msEi
	ldrb	r3, [r4, #14]	@ zero_extendqisi2
	cbnz	r3, .L179
.L185:
	ldr	r5, .L197+8
	b	.L180
.L179:
	ldr	r3, [r4, #4]
	movs	r5, #0
.L181:
	ldr	r2, .L197+12
	ldrb	r2, [r5, r2]	@ zero_extendqisi2
	cbz	r2, .L194
	adds	r5, r5, #1
	b	.L181
.L194:
	subs	r5, r3, r5
.L183:
	cmp	r5, #0
	ble	.L185
	ldr	r0, .L197+4
	ldrb	r1, [r4, #12]	@ zero_extendqisi2
	bl	_ZN5hwlib7ostreamlsEc
	subs	r5, r5, #1
	b	.L183
.L180:
	ldrb	r1, [r5, #1]!	@ zero_extendqisi2
	cbz	r1, .L195
	ldr	r0, .L197+4
	bl	_ZN5hwlib7ostreamlsEc
	b	.L180
.L195:
	ldrb	r3, [r4, #14]	@ zero_extendqisi2
	cbnz	r3, .L192
	ldr	r2, .L197+4
	ldr	r5, [r2, #4]
.L188:
	ldr	r2, .L197+12
	ldrb	r2, [r3, r2]	@ zero_extendqisi2
	cbz	r2, .L196
	adds	r3, r3, #1
	b	.L188
.L196:
	subs	r5, r5, r3
.L190:
	cmp	r5, #0
	ble	.L192
	ldr	r0, .L197+4
	ldrb	r1, [r4, #12]	@ zero_extendqisi2
	bl	_ZN5hwlib7ostreamlsEc
	subs	r5, r5, #1
	b	.L190
.L192:
	movs	r5, #0
	str	r5, [r4, #4]
	bl	application
	mov	r0, r5
	pop	{r3, r4, r5, pc}
.L198:
	.align	2
.L197:
	.word	1074666064
	.word	_ZN5hwlib4coutE
	.word	.LC1-1
	.word	.LC1
	.size	main, .-main
	.weak	_ZTVN5hwlib19_pin_in_dummy_classE
	.section	.rodata._ZTVN5hwlib19_pin_in_dummy_classE,"aG",%progbits,_ZTVN5hwlib19_pin_in_dummy_classE,comdat
	.align	3
	.type	_ZTVN5hwlib19_pin_in_dummy_classE, %object
	.size	_ZTVN5hwlib19_pin_in_dummy_classE, 12
_ZTVN5hwlib19_pin_in_dummy_classE:
	.word	0
	.word	0
	.word	_ZN5hwlib19_pin_in_dummy_class3getEv
	.weak	_ZTVN5hwlib20_pin_out_dummy_classE
	.section	.rodata._ZTVN5hwlib20_pin_out_dummy_classE,"aG",%progbits,_ZTVN5hwlib20_pin_out_dummy_classE,comdat
	.align	3
	.type	_ZTVN5hwlib20_pin_out_dummy_classE, %object
	.size	_ZTVN5hwlib20_pin_out_dummy_classE, 12
_ZTVN5hwlib20_pin_out_dummy_classE:
	.word	0
	.word	0
	.word	_ZN5hwlib20_pin_out_dummy_class3setEb
	.weak	_ZTVN5hwlib23_pin_in_out_dummy_classE
	.section	.rodata._ZTVN5hwlib23_pin_in_out_dummy_classE,"aG",%progbits,_ZTVN5hwlib23_pin_in_out_dummy_classE,comdat
	.align	3
	.type	_ZTVN5hwlib23_pin_in_out_dummy_classE, %object
	.size	_ZTVN5hwlib23_pin_in_out_dummy_classE, 24
_ZTVN5hwlib23_pin_in_out_dummy_classE:
	.word	0
	.word	0
	.word	_ZN5hwlib23_pin_in_out_dummy_class19direction_set_inputEv
	.word	_ZN5hwlib23_pin_in_out_dummy_class3getEv
	.word	_ZN5hwlib23_pin_in_out_dummy_class20direction_set_outputEv
	.word	_ZN5hwlib23_pin_in_out_dummy_class3setEb
	.weak	_ZTVN5hwlib19_pin_oc_dummy_classE
	.section	.rodata._ZTVN5hwlib19_pin_oc_dummy_classE,"aG",%progbits,_ZTVN5hwlib19_pin_oc_dummy_classE,comdat
	.align	3
	.type	_ZTVN5hwlib19_pin_oc_dummy_classE, %object
	.size	_ZTVN5hwlib19_pin_oc_dummy_classE, 16
_ZTVN5hwlib19_pin_oc_dummy_classE:
	.word	0
	.word	0
	.word	_ZN5hwlib19_pin_oc_dummy_class3getEv
	.word	_ZN5hwlib19_pin_oc_dummy_class3setEb
	.weak	_ZTVN5hwlib20cout_using_uart_putcE
	.section	.rodata._ZTVN5hwlib20cout_using_uart_putcE,"aG",%progbits,_ZTVN5hwlib20cout_using_uart_putcE,comdat
	.align	3
	.type	_ZTVN5hwlib20cout_using_uart_putcE, %object
	.size	_ZTVN5hwlib20cout_using_uart_putcE, 16
_ZTVN5hwlib20cout_using_uart_putcE:
	.word	0
	.word	0
	.word	_ZN5hwlib20cout_using_uart_putc4putcEc
	.word	_ZN5hwlib7ostream5flushEv
	.weak	_ZTVN5hwlib19cin_using_uart_getcE
	.section	.rodata._ZTVN5hwlib19cin_using_uart_getcE,"aG",%progbits,_ZTVN5hwlib19cin_using_uart_getcE,comdat
	.align	3
	.type	_ZTVN5hwlib19cin_using_uart_getcE, %object
	.size	_ZTVN5hwlib19cin_using_uart_getcE, 16
_ZTVN5hwlib19cin_using_uart_getcE:
	.word	0
	.word	0
	.word	_ZN5hwlib19cin_using_uart_getc14char_availableEv
	.word	_ZN5hwlib19cin_using_uart_getc4getcEv
	.weak	_ZTVN5hwlib4lineE
	.section	.rodata._ZTVN5hwlib4lineE,"aG",%progbits,_ZTVN5hwlib4lineE,comdat
	.align	3
	.type	_ZTVN5hwlib4lineE, %object
	.size	_ZTVN5hwlib4lineE, 12
_ZTVN5hwlib4lineE:
	.word	0
	.word	0
	.word	_ZN5hwlib4line4drawERNS_6windowE
	.weak	_ZTVN5hwlib6circleE
	.section	.rodata._ZTVN5hwlib6circleE,"aG",%progbits,_ZTVN5hwlib6circleE,comdat
	.align	3
	.type	_ZTVN5hwlib6circleE, %object
	.size	_ZTVN5hwlib6circleE, 12
_ZTVN5hwlib6circleE:
	.word	0
	.word	0
	.word	_ZN5hwlib6circle4drawERNS_6windowE
	.weak	_ZN6sam3xa15SystemCoreClockE
	.weak	_ZN5hwlib3cinE
	.weak	_ZN5hwlib4coutE
	.weak	_ZN5hwlib12pin_oc_dummyE
	.weak	_ZN5hwlib16pin_in_out_dummyE
	.weak	_ZN5hwlib13pin_out_dummyE
	.weak	_ZN5hwlib12pin_in_dummyE
	.section	.data._ZN5hwlib3cinE,"aw",%progbits
	.align	2
	.type	_ZN5hwlib3cinE, %object
	.size	_ZN5hwlib3cinE, 4
_ZN5hwlib3cinE:
	.word	_ZTVN5hwlib19cin_using_uart_getcE+8
	.section	.data._ZN5hwlib12pin_in_dummyE,"aw",%progbits
	.align	2
	.type	_ZN5hwlib12pin_in_dummyE, %object
	.size	_ZN5hwlib12pin_in_dummyE, 4
_ZN5hwlib12pin_in_dummyE:
	.word	_ZTVN5hwlib19_pin_in_dummy_classE+8
	.section	.bss._ZZN3due9now_ticksEvE4high,"aw",%nobits
	.align	3
	.set	.LANCHOR6,. + 0
	.type	_ZZN3due9now_ticksEvE4high, %object
	.size	_ZZN3due9now_ticksEvE4high, 8
_ZZN3due9now_ticksEvE4high:
	.space	8
	.section	.data._ZN5hwlib12pin_oc_dummyE,"aw",%progbits
	.align	2
	.type	_ZN5hwlib12pin_oc_dummyE, %object
	.size	_ZN5hwlib12pin_oc_dummyE, 4
_ZN5hwlib12pin_oc_dummyE:
	.word	_ZTVN5hwlib19_pin_oc_dummy_classE+8
	.section	.bss._ZZN5hwlib4randEvE1n,"aw",%nobits
	.align	2
	.set	.LANCHOR0,. + 0
	.type	_ZZN5hwlib4randEvE1n, %object
	.size	_ZZN5hwlib4randEvE1n, 4
_ZZN5hwlib4randEvE1n:
	.space	4
	.section	.data._ZN5hwlib13pin_out_dummyE,"aw",%progbits
	.align	2
	.type	_ZN5hwlib13pin_out_dummyE, %object
	.size	_ZN5hwlib13pin_out_dummyE, 4
_ZN5hwlib13pin_out_dummyE:
	.word	_ZTVN5hwlib20_pin_out_dummy_classE+8
	.section	.rodata._ZZN3due11ad_pin_infoENS_7ad_pinsEE17ad_pin_info_array,"a",%progbits
	.set	.LANCHOR2,. + 0
	.type	_ZZN3due11ad_pin_infoENS_7ad_pinsEE17ad_pin_info_array, %object
	.size	_ZZN3due11ad_pin_infoENS_7ad_pinsEE17ad_pin_info_array, 12
_ZZN3due11ad_pin_infoENS_7ad_pinsEE17ad_pin_info_array:
	.byte	7
	.byte	6
	.byte	5
	.byte	4
	.byte	3
	.byte	2
	.byte	1
	.byte	0
	.byte	10
	.byte	11
	.byte	12
	.byte	13
	.section	.data._ZN5hwlib4coutE,"aw",%progbits
	.align	2
	.type	_ZN5hwlib4coutE, %object
	.size	_ZN5hwlib4coutE, 20
_ZN5hwlib4coutE:
	.word	_ZTVN5hwlib20cout_using_uart_putcE+8
	.word	0
	.word	10
	.byte	32
	.byte	65
	.byte	1
	.byte	0
	.byte	0
	.byte	0
	.space	2
	.section	.bss._ZZN3due9now_ticksEvE8last_low,"aw",%nobits
	.align	2
	.set	.LANCHOR5,. + 0
	.type	_ZZN3due9now_ticksEvE8last_low, %object
	.size	_ZZN3due9now_ticksEvE8last_low, 4
_ZZN3due9now_ticksEvE8last_low:
	.space	4
	.section	.rodata.str1.1,"aMS",%progbits,1
.LC0:
	.ascii	"../hwlib/hwlib-due.hpp\000"
.LC1:
	.ascii	"start\012\000"
	.section	.bss._ZZN3due9now_ticksEvE9init_done,"aw",%nobits
	.set	.LANCHOR4,. + 0
	.type	_ZZN3due9now_ticksEvE9init_done, %object
	.size	_ZZN3due9now_ticksEvE9init_done, 1
_ZZN3due9now_ticksEvE9init_done:
	.space	1
	.section	.data._ZN6sam3xa15SystemCoreClockE,"aw",%progbits
	.align	2
	.type	_ZN6sam3xa15SystemCoreClockE, %object
	.size	_ZN6sam3xa15SystemCoreClockE, 4
_ZN6sam3xa15SystemCoreClockE:
	.word	4000000
	.section	.rodata._ZZN3due8pin_infoENS_4pinsEE14pin_info_array,"a",%progbits
	.set	.LANCHOR1,. + 0
	.type	_ZZN3due8pin_infoENS_4pinsEE14pin_info_array, %object
	.size	_ZZN3due8pin_infoENS_4pinsEE14pin_info_array, 164
_ZZN3due8pin_infoENS_4pinsEE14pin_info_array:
	.byte	0
	.byte	8
	.byte	0
	.byte	9
	.byte	1
	.byte	25
	.byte	2
	.byte	28
	.byte	2
	.byte	26
	.byte	2
	.byte	25
	.byte	2
	.byte	24
	.byte	2
	.byte	23
	.byte	2
	.byte	22
	.byte	2
	.byte	21
	.byte	2
	.byte	29
	.byte	3
	.byte	7
	.byte	3
	.byte	8
	.byte	1
	.byte	27
	.byte	3
	.byte	4
	.byte	3
	.byte	5
	.byte	0
	.byte	13
	.byte	0
	.byte	12
	.byte	0
	.byte	11
	.byte	0
	.byte	10
	.byte	1
	.byte	12
	.byte	1
	.byte	13
	.byte	1
	.byte	26
	.byte	0
	.byte	14
	.byte	0
	.byte	15
	.byte	3
	.byte	0
	.byte	3
	.byte	1
	.byte	3
	.byte	2
	.byte	3
	.byte	3
	.byte	3
	.byte	6
	.byte	3
	.byte	9
	.byte	0
	.byte	7
	.byte	3
	.byte	10
	.byte	2
	.byte	1
	.byte	2
	.byte	2
	.byte	2
	.byte	3
	.byte	3
	.byte	4
	.byte	3
	.byte	5
	.byte	3
	.byte	6
	.byte	3
	.byte	7
	.byte	3
	.byte	8
	.byte	3
	.byte	9
	.byte	0
	.byte	19
	.byte	0
	.byte	20
	.byte	2
	.byte	19
	.byte	2
	.byte	18
	.byte	2
	.byte	17
	.byte	2
	.byte	16
	.byte	2
	.byte	15
	.byte	2
	.byte	14
	.byte	2
	.byte	13
	.byte	2
	.byte	12
	.byte	1
	.byte	21
	.byte	1
	.byte	14
	.byte	0
	.byte	16
	.byte	0
	.byte	24
	.byte	0
	.byte	23
	.byte	0
	.byte	22
	.byte	0
	.byte	6
	.byte	0
	.byte	4
	.byte	0
	.byte	3
	.byte	0
	.byte	2
	.byte	1
	.byte	17
	.byte	1
	.byte	18
	.byte	1
	.byte	19
	.byte	1
	.byte	20
	.byte	1
	.byte	15
	.byte	1
	.byte	16
	.byte	0
	.byte	1
	.byte	0
	.byte	0
	.byte	1
	.byte	13
	.byte	1
	.byte	12
	.byte	0
	.byte	18
	.byte	0
	.byte	17
	.byte	0
	.byte	9
	.byte	0
	.byte	8
	.byte	1
	.byte	27
	.byte	0
	.byte	27
	.byte	0
	.byte	25
	.byte	0
	.byte	26
	.byte	2
	.byte	29
	.byte	2
	.byte	26
	.section	.rodata._ZZN3due11ad_seq_infoEiE12ad_seq_array,"a",%progbits
	.align	2
	.set	.LANCHOR3,. + 0
	.type	_ZZN3due11ad_seq_infoEiE12ad_seq_array, %object
	.size	_ZZN3due11ad_seq_infoEiE12ad_seq_array, 112
_ZZN3due11ad_seq_infoEiE12ad_seq_array:
	.word	-16
	.word	-1
	.word	-225
	.word	-1
	.word	-3329
	.word	-1
	.word	-49153
	.word	-1
	.word	-720897
	.word	-1
	.word	-10485761
	.word	-1
	.word	-150994945
	.word	-1
	.word	2147483647
	.word	-1
	.word	-1
	.word	-8
	.word	-1
	.word	-97
	.word	-1
	.word	-1281
	.word	-1
	.word	-16385
	.word	-1
	.word	-196609
	.word	-1
	.word	-2097153
	.section	.data._ZN5hwlib16pin_in_out_dummyE,"aw",%progbits
	.align	2
	.type	_ZN5hwlib16pin_in_out_dummyE, %object
	.size	_ZN5hwlib16pin_in_out_dummyE, 4
_ZN5hwlib16pin_in_out_dummyE:
	.word	_ZTVN5hwlib23_pin_in_out_dummy_classE+8
	.weak	_ZN5hwlib5panicEPKci
	.ident	"GCC: (4.9.2-10+14~bpo8+1) 4.9.2"
